<?xml version="1.0" encoding="UTF-8"?>
<robot generator="Robot 7.0 (Python 3.12.2 on win32)" generated="2024-05-22T08:45:00.797811" rpa="false" schemaversion="5">
<suite id="s1" name="Index" source="c:\Users\mb_la\OneDrive\Documentos\MB_Robotizando\Client\index.robot">
<test id="s1-t1" name="CTO2: Logar sem inserir nome de usuário" line="9">
<kw name="CT02: Login sem inserir o Login" owner="Login_sem_inserir_nomeUsuario">
<kw name="Dado que o usuário esteja na tela de login" owner="Login_sem_inserir_nomeUsuario">
<kw name="Open Browser" owner="SeleniumLibrary">
<msg time="2024-05-22T08:45:01.309860" level="INFO">Opening browser 'chrome' to base url 'https://www.saucedemo.com/'.</msg>
<arg>https://www.saucedemo.com/</arg>
<arg>chrome</arg>
<doc>Opens a new browser instance to the optional ``url``.</doc>
<status status="PASS" start="2024-05-22T08:45:01.308827" elapsed="3.332182"/>
</kw>
<kw name="Maximize Browser Window" owner="SeleniumLibrary">
<doc>Maximizes current browser window.</doc>
<status status="PASS" start="2024-05-22T08:45:04.642028" elapsed="0.051340"/>
</kw>
<kw name="Sleep" owner="BuiltIn">
<msg time="2024-05-22T08:45:06.696933" level="INFO">Slept 2 seconds.</msg>
<arg>2s</arg>
<doc>Pauses the test executed for the given time.</doc>
<status status="PASS" start="2024-05-22T08:45:04.694370" elapsed="2.002563"/>
</kw>
<status status="PASS" start="2024-05-22T08:45:01.307825" elapsed="5.389108"/>
</kw>
<kw name="Quando isnerir somente a senha corretamente" owner="Login_sem_inserir_nomeUsuario">
<kw name="Input Text" owner="SeleniumLibrary">
<msg time="2024-05-22T08:45:06.698979" level="INFO">Typing text 'secret_sauce' into text field '//input[@id='password']'.</msg>
<arg>//input[@id='password']</arg>
<arg>secret_sauce</arg>
<doc>Types the given ``text`` into the text field identified by ``locator``.</doc>
<status status="PASS" start="2024-05-22T08:45:06.697950" elapsed="0.253610"/>
</kw>
<status status="PASS" start="2024-05-22T08:45:06.697950" elapsed="0.253610"/>
</kw>
<kw name="E ao Clicar em &quot;Login&quot;" owner="Login_sem_inserir_nomeUsuario">
<kw name="Click Button" owner="SeleniumLibrary">
<msg time="2024-05-22T08:45:06.953561" level="INFO">Clicking button '//input[@id='login-button']'.</msg>
<arg>//input[@id='login-button']</arg>
<doc>Clicks the button identified by ``locator``.</doc>
<status status="PASS" start="2024-05-22T08:45:06.953561" elapsed="0.150415"/>
</kw>
<status status="PASS" start="2024-05-22T08:45:06.952537" elapsed="0.151439"/>
</kw>
<kw name="Então uma mensagem de erro vai ser exibida" owner="Login_sem_inserir_nomeUsuario">
<kw name="Wait Until Element Is Visible" owner="SeleniumLibrary">
<msg time="2024-05-22T08:45:12.314548" level="INFO" html="true">&lt;/td&gt;&lt;/tr&gt;&lt;tr&gt;&lt;td colspan="3"&gt;&lt;a href="selenium-screenshot-2.png"&gt;&lt;img src="selenium-screenshot-2.png" width="800px"&gt;&lt;/a&gt;</msg>
<msg time="2024-05-22T08:45:12.314548" level="FAIL">Element '//h3[@data-test='error'][contains(.,'epic sadface: Username is required')]' not visible after 5 seconds.</msg>
<arg>//h3[@data-test='error'][contains(.,'epic sadface: Username is required')]</arg>
<doc>Waits until the element ``locator`` is visible.</doc>
<status status="FAIL" start="2024-05-22T08:45:07.104995" elapsed="5.218074">Element '//h3[@data-test='error'][contains(.,'epic sadface: Username is required')]' not visible after 5 seconds.</status>
</kw>
<status status="FAIL" start="2024-05-22T08:45:07.104995" elapsed="5.219081">Element '//h3[@data-test='error'][contains(.,'epic sadface: Username is required')]' not visible after 5 seconds.</status>
</kw>
<status status="FAIL" start="2024-05-22T08:45:01.306813" elapsed="11.017263">Element '//h3[@data-test='error'][contains(.,'epic sadface: Username is required')]' not visible after 5 seconds.</status>
</kw>
<status status="FAIL" start="2024-05-22T08:45:01.305290" elapsed="11.019782">Element '//h3[@data-test='error'][contains(.,'epic sadface: Username is required')]' not visible after 5 seconds.</status>
</test>
<status status="FAIL" start="2024-05-22T08:45:00.806380" elapsed="11.521212"/>
</suite>
<statistics>
<total>
<stat pass="0" fail="1" skip="0">All Tests</stat>
</total>
<tag>
</tag>
<suite>
<stat pass="0" fail="1" skip="0" id="s1" name="Index">Index</stat>
</suite>
</statistics>
<errors>
</errors>
</robot>
