<?xml version="1.0" encoding="UTF-8"?>
<robot generator="Robot 7.0 (Python 3.12.2 on win32)" generated="2024-06-05T16:08:28.304064" rpa="false" schemaversion="5">
<suite id="s1" name="Index" source="c:\Users\mb_la\OneDrive\Documentos\MB_Robotizando\Client\index.robot">
<test id="s1-t1" name="CT07: Exibindo produtos de acordo com filtros de Z a A" line="33">
<kw name="CT07: Filtrando produtos por nome de (Z a A)" owner="Filtrando_Produtos">
<kw name="Quando selecionar a categoria de (Z a A)" owner="Filtrando_ProdutosZA">
<kw name="Select From List By Value" owner="SeleniumLibrary">
<msg time="2024-06-05T16:08:28.606139" level="INFO">Selecting options from selection list '//select[@data-test='product-sort-container']' by value za.</msg>
<msg time="2024-06-05T16:08:28.609138" level="INFO">Cannot capture screenshot because no browser is open.</msg>
<msg time="2024-06-05T16:08:28.610140" level="FAIL">No browser is open.</msg>
<arg>//select[@data-test='product-sort-container']</arg>
<arg>za</arg>
<doc>Selects options from selection list ``locator`` by ``values``.</doc>
<status status="FAIL" start="2024-06-05T16:08:28.605140" elapsed="0.012511">No browser is open.</status>
</kw>
<kw name="Sleep" owner="BuiltIn">
<arg>1s</arg>
<doc>Pauses the test executed for the given time.</doc>
<status status="NOT RUN" start="2024-06-05T16:08:28.618664" elapsed="0.000000"/>
</kw>
<kw name="Get Selected List Label" owner="SeleniumLibrary">
<var>${selected_option}</var>
<arg>//select[@data-test='product-sort-container']</arg>
<doc>Returns the label of selected option from selection list ``locator``.</doc>
<status status="NOT RUN" start="2024-06-05T16:08:28.618664" elapsed="0.000999"/>
</kw>
<kw name="Log" owner="BuiltIn">
<arg>Selected option: ${selected_option}</arg>
<doc>Logs the given message with the given level.</doc>
<status status="NOT RUN" start="2024-06-05T16:08:28.619663" elapsed="0.000000"/>
</kw>
<kw name="Should Be Equal" owner="BuiltIn">
<arg>${selected_option}</arg>
<arg>Name (Z to A)</arg>
<doc>Fails if the given objects are unequal.</doc>
<status status="NOT RUN" start="2024-06-05T16:08:28.620663" elapsed="0.000000"/>
</kw>
<kw name="Sleep" owner="BuiltIn">
<arg>5s</arg>
<doc>Pauses the test executed for the given time.</doc>
<status status="NOT RUN" start="2024-06-05T16:08:28.620663" elapsed="0.001001"/>
</kw>
<status status="FAIL" start="2024-06-05T16:08:28.604139" elapsed="0.017525">No browser is open.</status>
</kw>
<status status="FAIL" start="2024-06-05T16:08:28.604139" elapsed="0.018035">No browser is open.</status>
</kw>
<tag>CT07_filtro_ZA</tag>
<status status="FAIL" start="2024-06-05T16:08:28.602128" elapsed="0.020046">No browser is open.</status>
</test>
<status status="FAIL" start="2024-06-05T16:08:28.311069" elapsed="0.314114"/>
</suite>
<statistics>
<total>
<stat pass="0" fail="1" skip="0">All Tests</stat>
</total>
<tag>
<stat pass="0" fail="1" skip="0">CT07_filtro_ZA</stat>
</tag>
<suite>
<stat pass="0" fail="1" skip="0" id="s1" name="Index">Index</stat>
</suite>
</statistics>
<errors>
</errors>
</robot>
