<?xml version="1.0" encoding="UTF-8"?>
<robot generator="Robot 7.0 (Python 3.12.2 on win32)" generated="2024-06-05T20:20:43.490953" rpa="false" schemaversion="5">
<suite id="s1" name="MB Robotizando" source="C:\Users\mb_la\OneDrive\Documentos\MB_Robotizando">
<suite id="s1-s1" name="Client" source="C:\Users\mb_la\OneDrive\Documentos\MB_Robotizando\Client">
<suite id="s1-s1-s1" name="Index" source="C:\Users\mb_la\OneDrive\Documentos\MB_Robotizando\Client\index.robot">
<test id="s1-s1-s1-t1" name="CT07: Exibindo produtos de acordo com filtros de Z a A" line="33">
<kw name="CT07: Filtrando produtos por nome de (Z a A)" owner="Filtrando_Produtos">
<kw name="Dado que o usuário esteja logado no sistema" owner="Filtrando_ProdutosAZ">
<kw name="Open Browser" owner="SeleniumLibrary">
<msg time="2024-06-05T20:20:43.820830" level="INFO">Opening browser 'chrome' to base url 'https://www.saucedemo.com/'.</msg>
<arg>https://www.saucedemo.com/</arg>
<arg>chrome</arg>
<doc>Opens a new browser instance to the optional ``url``.</doc>
<status status="PASS" start="2024-06-05T20:20:43.820830" elapsed="5.355088"/>
</kw>
<kw name="Maximize Browser Window" owner="SeleniumLibrary">
<doc>Maximizes current browser window.</doc>
<status status="PASS" start="2024-06-05T20:20:49.175918" elapsed="0.042125"/>
</kw>
<kw name="Sleep" owner="BuiltIn">
<msg time="2024-06-05T20:20:50.219224" level="INFO">Slept 1 second.</msg>
<arg>1s</arg>
<doc>Pauses the test executed for the given time.</doc>
<status status="PASS" start="2024-06-05T20:20:49.219046" elapsed="1.000178"/>
</kw>
<kw name="Input Text" owner="SeleniumLibrary">
<msg time="2024-06-05T20:20:50.219850" level="INFO">Typing text 'standard_user' into text field '//input[@id='user-name']'.</msg>
<arg>//input[@id='user-name']</arg>
<arg>standard_user</arg>
<doc>Types the given ``text`` into the text field identified by ``locator``.</doc>
<status status="PASS" start="2024-06-05T20:20:50.219224" elapsed="0.198475"/>
</kw>
<kw name="Input Text" owner="SeleniumLibrary">
<msg time="2024-06-05T20:20:50.417699" level="INFO">Typing text 'secret_sauce' into text field '//input[@id='password']'.</msg>
<arg>//input[@id='password']</arg>
<arg>secret_sauce</arg>
<doc>Types the given ``text`` into the text field identified by ``locator``.</doc>
<status status="PASS" start="2024-06-05T20:20:50.417699" elapsed="0.137044"/>
</kw>
<kw name="Click Button" owner="SeleniumLibrary">
<msg time="2024-06-05T20:20:50.554743" level="INFO">Clicking button '//input[@id='login-button']'.</msg>
<arg>//input[@id='login-button']</arg>
<doc>Clicks the button identified by ``locator``.</doc>
<status status="PASS" start="2024-06-05T20:20:50.554743" elapsed="0.120381"/>
</kw>
<kw name="Wait Until Element Is Visible" owner="SeleniumLibrary">
<arg>//div[@class='app_logo'][contains(.,'Swag Labs')]</arg>
<doc>Waits until the element ``locator`` is visible.</doc>
<status status="PASS" start="2024-06-05T20:20:50.676126" elapsed="0.028306"/>
</kw>
<status status="PASS" start="2024-06-05T20:20:43.819779" elapsed="6.884653"/>
</kw>
<kw name="Quando selecionar a categoria de (Z a A)" owner="Filtrando_ProdutosZA">
<kw name="Select From List By Value" owner="SeleniumLibrary">
<msg time="2024-06-05T20:20:50.705433" level="INFO">Selecting options from selection list '//select[@data-test='product-sort-container']' by value za.</msg>
<arg>//select[@data-test='product-sort-container']</arg>
<arg>za</arg>
<doc>Selects options from selection list ``locator`` by ``values``.</doc>
<status status="PASS" start="2024-06-05T20:20:50.705433" elapsed="0.095605"/>
</kw>
<kw name="Get Selected List Label" owner="SeleniumLibrary">
<msg time="2024-06-05T20:20:50.867727" level="INFO">${selected_option} = Name (Z to A)</msg>
<var>${selected_option}</var>
<arg>//select[@data-test='product-sort-container']</arg>
<doc>Returns the label of selected option from selection list ``locator``.</doc>
<status status="PASS" start="2024-06-05T20:20:50.801038" elapsed="0.066689"/>
</kw>
<kw name="Log" owner="BuiltIn">
<msg time="2024-06-05T20:20:50.867727" level="INFO">Selected option: Name (Z to A)</msg>
<arg>Selected option: ${selected_option}</arg>
<doc>Logs the given message with the given level.</doc>
<status status="PASS" start="2024-06-05T20:20:50.867727" elapsed="0.000000"/>
</kw>
<kw name="Sleep" owner="BuiltIn">
<msg time="2024-06-05T20:21:03.869197" level="INFO">Slept 13 seconds.</msg>
<arg>13s</arg>
<doc>Pauses the test executed for the given time.</doc>
<status status="PASS" start="2024-06-05T20:20:50.867727" elapsed="13.001470"/>
</kw>
<kw name="Should Be Equal" owner="BuiltIn">
<arg>${selected_option}</arg>
<arg>Name (Z to A)</arg>
<doc>Fails if the given objects are unequal.</doc>
<status status="PASS" start="2024-06-05T20:21:03.869197" elapsed="0.000000"/>
</kw>
<kw name="Sleep" owner="BuiltIn">
<msg time="2024-06-05T20:21:08.869671" level="INFO">Slept 5 seconds.</msg>
<arg>5s</arg>
<doc>Pauses the test executed for the given time.</doc>
<status status="PASS" start="2024-06-05T20:21:03.869197" elapsed="5.000474"/>
</kw>
<status status="PASS" start="2024-06-05T20:20:50.704432" elapsed="18.165239"/>
</kw>
<status status="PASS" start="2024-06-05T20:20:43.819779" elapsed="25.049892"/>
</kw>
<tag>CT07_filtro_ZA</tag>
<status status="PASS" start="2024-06-05T20:20:43.818748" elapsed="25.051437"/>
</test>
<status status="PASS" start="2024-06-05T20:20:43.524145" elapsed="25.347559"/>
</suite>
<status status="PASS" start="2024-06-05T20:20:43.520895" elapsed="25.351814"/>
</suite>
<status status="PASS" start="2024-06-05T20:20:43.493995" elapsed="25.380714"/>
</suite>
<statistics>
<total>
<stat pass="1" fail="0" skip="0">All Tests</stat>
</total>
<tag>
<stat pass="1" fail="0" skip="0">CT07_filtro_ZA</stat>
</tag>
<suite>
<stat pass="1" fail="0" skip="0" id="s1" name="MB Robotizando">MB Robotizando</stat>
<stat pass="1" fail="0" skip="0" id="s1-s1" name="Client">MB Robotizando.Client</stat>
<stat pass="1" fail="0" skip="0" id="s1-s1-s1" name="Index">MB Robotizando.Client.Index</stat>
</suite>
</statistics>
<errors>
</errors>
</robot>
