<?xml version="1.0" encoding="UTF-8"?>
<robot generator="Robot 7.0 (Python 3.12.2 on win32)" generated="2024-05-25T14:37:33.236987" rpa="false" schemaversion="5">
<suite id="s1" name="Index" source="C:\Users\mb_la\OneDrive\Documentos\MB_Robotizando\Client\index.robot">
<test id="s1-t1" name="CT01: Logar com sucesso" line="7">
<kw name="CT01: Login com sucesso" owner="Login">
<kw name="Dado que o usuário esteja na tela de Home" owner="Login">
<kw name="Open Browser" owner="SeleniumLibrary">
<msg time="2024-05-25T14:37:33.499174" level="INFO">Opening browser 'chrome' to base url 'https://www.saucedemo.com/'.</msg>
<arg>https://www.saucedemo.com/</arg>
<arg>chrome</arg>
<doc>Opens a new browser instance to the optional ``url``.</doc>
<status status="PASS" start="2024-05-25T14:37:33.499174" elapsed="2.473544"/>
</kw>
<kw name="Maximize Browser Window" owner="SeleniumLibrary">
<doc>Maximizes current browser window.</doc>
<status status="PASS" start="2024-05-25T14:37:35.972718" elapsed="0.043469"/>
</kw>
<kw name="Sleep" owner="BuiltIn">
<msg time="2024-05-25T14:37:38.016492" level="INFO">Slept 2 seconds.</msg>
<arg>2s</arg>
<doc>Pauses the test executed for the given time.</doc>
<status status="PASS" start="2024-05-25T14:37:36.016187" elapsed="2.000305"/>
</kw>
<status status="PASS" start="2024-05-25T14:37:33.498136" elapsed="4.518356"/>
</kw>
<kw name="Quando isnerir o Login e a senha corretamente" owner="Login">
<kw name="Input Text" owner="SeleniumLibrary">
<msg time="2024-05-25T14:37:38.016492" level="INFO">Typing text 'standard_user' into text field '//input[@id='user-name']'.</msg>
<arg>//input[@id='user-name']</arg>
<arg>standard_user</arg>
<doc>Types the given ``text`` into the text field identified by ``locator``.</doc>
<status status="PASS" start="2024-05-25T14:37:38.016492" elapsed="0.181755"/>
</kw>
<kw name="Input Text" owner="SeleniumLibrary">
<msg time="2024-05-25T14:37:38.198247" level="INFO">Typing text 'secret_sauce' into text field '//input[@id='password']'.</msg>
<arg>//input[@id='password']</arg>
<arg>secret_sauce</arg>
<doc>Types the given ``text`` into the text field identified by ``locator``.</doc>
<status status="PASS" start="2024-05-25T14:37:38.198247" elapsed="0.139478"/>
</kw>
<kw name="Sleep" owner="BuiltIn">
<msg time="2024-05-25T14:37:41.338147" level="INFO">Slept 3 seconds.</msg>
<arg>3s</arg>
<doc>Pauses the test executed for the given time.</doc>
<status status="PASS" start="2024-05-25T14:37:38.337725" elapsed="3.000422"/>
</kw>
<status status="PASS" start="2024-05-25T14:37:38.016492" elapsed="3.321655"/>
</kw>
<kw name="Então o usuário será logado com sucesso" owner="Login">
<kw name="Click Button" owner="SeleniumLibrary">
<msg time="2024-05-25T14:37:41.339339" level="INFO">Clicking button '//input[@id='login-button']'.</msg>
<arg>//input[@id='login-button']</arg>
<doc>Clicks the button identified by ``locator``.</doc>
<status status="PASS" start="2024-05-25T14:37:41.339339" elapsed="0.123224"/>
</kw>
<kw name="Wait Until Element Is Visible" owner="SeleniumLibrary">
<arg>//div[@class='app_logo'][contains(.,'Swag Labs')]</arg>
<doc>Waits until the element ``locator`` is visible.</doc>
<status status="PASS" start="2024-05-25T14:37:41.462563" elapsed="0.030275"/>
</kw>
<kw name="Sleep" owner="BuiltIn">
<msg time="2024-05-25T14:37:44.493309" level="INFO">Slept 3 seconds.</msg>
<arg>3s</arg>
<doc>Pauses the test executed for the given time.</doc>
<status status="PASS" start="2024-05-25T14:37:41.492838" elapsed="3.000471"/>
</kw>
<status status="PASS" start="2024-05-25T14:37:41.338147" elapsed="3.155162"/>
</kw>
<status status="PASS" start="2024-05-25T14:37:33.498136" elapsed="10.995173"/>
</kw>
<status status="PASS" start="2024-05-25T14:37:33.497170" elapsed="10.997164"/>
</test>
<test id="s1-t2" name="CT02: Login inválido inserindo apenas a senha" line="10">
<kw name="CT02: Login inserindo apenas a senha" owner="Login">
<kw name="Dado que o usuário esteja na tela de login" owner="Login_inserindo_apenas_senha">
<kw name="Open Browser" owner="SeleniumLibrary">
<msg time="2024-05-25T14:37:44.500769" level="INFO">Opening browser 'chrome' to base url 'https://www.saucedemo.com/'.</msg>
<arg>https://www.saucedemo.com/</arg>
<arg>chrome</arg>
<doc>Opens a new browser instance to the optional ``url``.</doc>
<status status="PASS" start="2024-05-25T14:37:44.500769" elapsed="1.901728"/>
</kw>
<kw name="Maximize Browser Window" owner="SeleniumLibrary">
<doc>Maximizes current browser window.</doc>
<status status="PASS" start="2024-05-25T14:37:46.402497" elapsed="0.606367"/>
</kw>
<kw name="Sleep" owner="BuiltIn">
<msg time="2024-05-25T14:37:49.010081" level="INFO">Slept 2 seconds.</msg>
<arg>2s</arg>
<doc>Pauses the test executed for the given time.</doc>
<status status="PASS" start="2024-05-25T14:37:47.009861" elapsed="2.000220"/>
</kw>
<status status="PASS" start="2024-05-25T14:37:44.499769" elapsed="4.510312"/>
</kw>
<kw name="Quando inserir somente a senha" owner="Login_inserindo_apenas_senha">
<kw name="Input Text" owner="SeleniumLibrary">
<msg time="2024-05-25T14:37:49.011074" level="INFO">Typing text 'secret_sauce' into text field '//input[@id='password']'.</msg>
<arg>//input[@id='password']</arg>
<arg>secret_sauce</arg>
<doc>Types the given ``text`` into the text field identified by ``locator``.</doc>
<status status="PASS" start="2024-05-25T14:37:49.011074" elapsed="0.178518"/>
</kw>
<status status="PASS" start="2024-05-25T14:37:49.010081" elapsed="0.179511"/>
</kw>
<kw name="E ao Clicar em &quot;Login&quot;" owner="Login_inserindo_apenas_senha">
<kw name="Click Button" owner="SeleniumLibrary">
<msg time="2024-05-25T14:37:49.190595" level="INFO">Clicking button '//input[@id='login-button']'.</msg>
<arg>//input[@id='login-button']</arg>
<doc>Clicks the button identified by ``locator``.</doc>
<status status="PASS" start="2024-05-25T14:37:49.190595" elapsed="0.077546"/>
</kw>
<status status="PASS" start="2024-05-25T14:37:49.189592" elapsed="0.078549"/>
</kw>
<kw name="Então uma mensagem de erro vai ser exibida" owner="Login_inserindo_apenas_senha">
<kw name="Wait Until Element Is Visible" owner="SeleniumLibrary">
<arg>//h3[@data-test='error'][contains(.,'Epic sadface: Username is required')]</arg>
<arg>timeout=10s</arg>
<doc>Waits until the element ``locator`` is visible.</doc>
<status status="PASS" start="2024-05-25T14:37:49.269142" elapsed="0.024903"/>
</kw>
<status status="PASS" start="2024-05-25T14:37:49.269142" elapsed="0.024903"/>
</kw>
<kw name="E o usuário não pode logar no site" owner="Login_inserindo_apenas_senha">
<kw name="Element Should Not Be Visible" owner="SeleniumLibrary">
<msg time="2024-05-25T14:37:49.307352" level="INFO">Element '//span[@class='title'][contains(.,'Products')]' did not exist.</msg>
<arg>//span[@class='title'][contains(.,'Products')]</arg>
<doc>Verifies that the element identified by ``locator`` is NOT visible.</doc>
<status status="PASS" start="2024-05-25T14:37:49.294045" elapsed="0.013307"/>
</kw>
<status status="PASS" start="2024-05-25T14:37:49.294045" elapsed="0.013307"/>
</kw>
<status status="PASS" start="2024-05-25T14:37:44.498726" elapsed="4.808626"/>
</kw>
<status status="PASS" start="2024-05-25T14:37:44.497727" elapsed="4.810624"/>
</test>
<test id="s1-t3" name="CT03: Login inválido inserindo apenas o nome de usuário" line="12">
<kw name="CT03: Login inserindo apenas o nome de usuário" owner="Login">
<kw name="Dado que o usuário esteja na tela de login" owner="Login_inserindo_apenas_senha">
<kw name="Open Browser" owner="SeleniumLibrary">
<msg time="2024-05-25T14:37:49.311392" level="INFO">Opening browser 'chrome' to base url 'https://www.saucedemo.com/'.</msg>
<arg>https://www.saucedemo.com/</arg>
<arg>chrome</arg>
<doc>Opens a new browser instance to the optional ``url``.</doc>
<status status="PASS" start="2024-05-25T14:37:49.311392" elapsed="4.167959"/>
</kw>
<kw name="Maximize Browser Window" owner="SeleniumLibrary">
<doc>Maximizes current browser window.</doc>
<status status="PASS" start="2024-05-25T14:37:53.479351" elapsed="0.165846"/>
</kw>
<kw name="Sleep" owner="BuiltIn">
<msg time="2024-05-25T14:37:55.646386" level="INFO">Slept 2 seconds.</msg>
<arg>2s</arg>
<doc>Pauses the test executed for the given time.</doc>
<status status="PASS" start="2024-05-25T14:37:53.645197" elapsed="2.001189"/>
</kw>
<status status="PASS" start="2024-05-25T14:37:49.310357" elapsed="6.336029"/>
</kw>
<kw name="Quando inserir somente o nome de usuário" owner="Login_inserindo_apenas_nome_usuario">
<kw name="Input Text" owner="SeleniumLibrary">
<msg time="2024-05-25T14:37:55.647398" level="INFO">Typing text 'testedeinput' into text field '//input[@data-test='username']'.</msg>
<arg>//input[@data-test='username']</arg>
<arg>testedeinput</arg>
<doc>Types the given ``text`` into the text field identified by ``locator``.</doc>
<status status="PASS" start="2024-05-25T14:37:55.646386" elapsed="0.246387"/>
</kw>
<status status="PASS" start="2024-05-25T14:37:55.646386" elapsed="0.246387"/>
</kw>
<kw name="E ao Clicar em &quot;Login&quot;" owner="Login_inserindo_apenas_senha">
<kw name="Click Button" owner="SeleniumLibrary">
<msg time="2024-05-25T14:37:55.895337" level="INFO">Clicking button '//input[@id='login-button']'.</msg>
<arg>//input[@id='login-button']</arg>
<doc>Clicks the button identified by ``locator``.</doc>
<status status="PASS" start="2024-05-25T14:37:55.894315" elapsed="0.151996"/>
</kw>
<status status="PASS" start="2024-05-25T14:37:55.892773" elapsed="0.153538"/>
</kw>
<kw name="Então uma mensagem de erro &quot;Epic sadface: Password is required&quot;" owner="Login_inserindo_apenas_nome_usuario">
<kw name="Wait Until Element Is Visible" owner="SeleniumLibrary">
<arg>//h3[@data-test='error'][contains(.,'Epic sadface: Password is required')]</arg>
<arg>timeout=10s</arg>
<doc>Waits until the element ``locator`` is visible.</doc>
<status status="PASS" start="2024-05-25T14:37:56.048329" elapsed="0.048179"/>
</kw>
<kw name="Log" owner="BuiltIn">
<msg time="2024-05-25T14:37:56.097505" level="INFO">finalizdo</msg>
<arg>finalizdo</arg>
<doc>Logs the given message with the given level.</doc>
<status status="PASS" start="2024-05-25T14:37:56.096508" elapsed="0.000997"/>
</kw>
<status status="PASS" start="2024-05-25T14:37:56.047310" elapsed="0.050195"/>
</kw>
<kw name="E o usuário não pode logar no site" owner="Login_inserindo_apenas_senha">
<kw name="Element Should Not Be Visible" owner="SeleniumLibrary">
<msg time="2024-05-25T14:37:56.125793" level="INFO">Element '//span[@class='title'][contains(.,'Products')]' did not exist.</msg>
<arg>//span[@class='title'][contains(.,'Products')]</arg>
<doc>Verifies that the element identified by ``locator`` is NOT visible.</doc>
<status status="PASS" start="2024-05-25T14:37:56.098514" elapsed="0.027279"/>
</kw>
<status status="PASS" start="2024-05-25T14:37:56.097505" elapsed="0.029289"/>
</kw>
<status status="PASS" start="2024-05-25T14:37:49.310357" elapsed="6.816437"/>
</kw>
<status status="PASS" start="2024-05-25T14:37:49.309352" elapsed="6.817442"/>
</test>
<test id="s1-t4" name="CT04: Login invalido não inserindo nome de usuário e senha" line="15">
<kw name="CT04: Login inserindo caracteres especias" owner="Login">
<kw name="Dado que o usuário esteja na tela de Home" owner="Login">
<kw name="Open Browser" owner="SeleniumLibrary">
<msg time="2024-05-25T14:37:56.130807" level="INFO">Opening browser 'chrome' to base url 'https://www.saucedemo.com/'.</msg>
<arg>https://www.saucedemo.com/</arg>
<arg>chrome</arg>
<doc>Opens a new browser instance to the optional ``url``.</doc>
<status status="PASS" start="2024-05-25T14:37:56.130807" elapsed="8.111646"/>
</kw>
<kw name="Maximize Browser Window" owner="SeleniumLibrary">
<doc>Maximizes current browser window.</doc>
<status status="PASS" start="2024-05-25T14:38:04.242453" elapsed="0.056960"/>
</kw>
<kw name="Sleep" owner="BuiltIn">
<msg time="2024-05-25T14:38:06.301772" level="INFO">Slept 2 seconds.</msg>
<arg>2s</arg>
<doc>Pauses the test executed for the given time.</doc>
<status status="PASS" start="2024-05-25T14:38:04.300399" elapsed="2.001373"/>
</kw>
<status status="PASS" start="2024-05-25T14:37:56.130807" elapsed="10.170965"/>
</kw>
<kw name="Quando nao informar o usuário e a senha" owner="Login_sem_inserir_nomeUsuario_Senha">
<kw name="Input Text" owner="SeleniumLibrary">
<msg time="2024-05-25T14:38:06.302792" level="INFO">Typing text ''@$ '' into text field '//input[@data-test='username']'.</msg>
<arg>//input[@data-test='username']</arg>
<arg>'@$ '</arg>
<doc>Types the given ``text`` into the text field identified by ``locator``.</doc>
<status status="PASS" start="2024-05-25T14:38:06.301772" elapsed="0.203729"/>
</kw>
<kw name="Input Text" owner="SeleniumLibrary">
<msg time="2024-05-25T14:38:06.506504" level="INFO">Typing text ''23¨&amp;'' into text field '//input[@data-test='password']'.</msg>
<arg>//input[@data-test='password']</arg>
<arg>'23¨&amp;'</arg>
<doc>Types the given ``text`` into the text field identified by ``locator``.</doc>
<status status="PASS" start="2024-05-25T14:38:06.506504" elapsed="0.161643"/>
</kw>
<status status="PASS" start="2024-05-25T14:38:06.301772" elapsed="0.367376"/>
</kw>
<kw name="E ao clicar em 'Login'" owner="Login_sem_inserir_nomeUsuario_Senha">
<kw name="Wait Until Element Is Visible" owner="SeleniumLibrary">
<arg>//input[@id='login-button']</arg>
<doc>Waits until the element ``locator`` is visible.</doc>
<status status="PASS" start="2024-05-25T14:38:06.670144" elapsed="0.036834"/>
</kw>
<kw name="Click Button" owner="SeleniumLibrary">
<msg time="2024-05-25T14:38:06.707988" level="INFO">Clicking button '//input[@id='login-button']'.</msg>
<arg>//input[@id='login-button']</arg>
<doc>Clicks the button identified by ``locator``.</doc>
<status status="PASS" start="2024-05-25T14:38:06.706978" elapsed="0.133063"/>
</kw>
<status status="PASS" start="2024-05-25T14:38:06.669148" elapsed="0.170893"/>
</kw>
<kw name="Então uma mensagem de erro &quot;Epic sadface: Username and password do not match any user in this service&quot;" owner="Login_sem_inserir_nomeUsuario_Senha">
<kw name="Wait Until Element Is Visible" owner="SeleniumLibrary">
<arg>//h3[@data-test='error'][contains(.,'Epic sadface: Username and password do not match any user in this service')]</arg>
<doc>Waits until the element ``locator`` is visible.</doc>
<status status="PASS" start="2024-05-25T14:38:06.841043" elapsed="0.048211"/>
</kw>
<status status="PASS" start="2024-05-25T14:38:06.841043" elapsed="0.049212"/>
</kw>
<status status="PASS" start="2024-05-25T14:37:56.129806" elapsed="10.760449"/>
</kw>
<status status="PASS" start="2024-05-25T14:37:56.128806" elapsed="10.762447"/>
</test>
<test id="s1-t5" name="CT05: Login com usuário bloqueado" line="18">
<kw name="CT05: Login com usuário Bloqueado" owner="Login">
<kw name="Dado que o usuário esteja na tela de login" owner="Login_inserindo_apenas_senha">
<kw name="Open Browser" owner="SeleniumLibrary">
<msg time="2024-05-25T14:38:06.897355" level="INFO">Opening browser 'chrome' to base url 'https://www.saucedemo.com/'.</msg>
<arg>https://www.saucedemo.com/</arg>
<arg>chrome</arg>
<doc>Opens a new browser instance to the optional ``url``.</doc>
<status status="PASS" start="2024-05-25T14:38:06.896356" elapsed="5.464400"/>
</kw>
<kw name="Maximize Browser Window" owner="SeleniumLibrary">
<doc>Maximizes current browser window.</doc>
<status status="PASS" start="2024-05-25T14:38:12.361749" elapsed="0.160820"/>
</kw>
<kw name="Sleep" owner="BuiltIn">
<msg time="2024-05-25T14:38:14.524390" level="INFO">Slept 2 seconds.</msg>
<arg>2s</arg>
<doc>Pauses the test executed for the given time.</doc>
<status status="PASS" start="2024-05-25T14:38:12.522569" elapsed="2.001821"/>
</kw>
<status status="PASS" start="2024-05-25T14:38:06.895355" elapsed="7.629035"/>
</kw>
<kw name="Quando inserir um nome de usuário bloqueado &quot;locked_out_user&quot;" owner="Login_com_usuário_Bloqueado">
<kw name="Input Text" owner="SeleniumLibrary">
<msg time="2024-05-25T14:38:14.525401" level="INFO">Typing text 'locked_out_user' into text field '//input[@placeholder='Username']'.</msg>
<arg>//input[@placeholder='Username']</arg>
<arg>locked_out_user</arg>
<doc>Types the given ``text`` into the text field identified by ``locator``.</doc>
<status status="PASS" start="2024-05-25T14:38:14.525401" elapsed="0.290749"/>
</kw>
<status status="PASS" start="2024-05-25T14:38:14.524390" elapsed="0.292760"/>
</kw>
<kw name="E a senha Válida" owner="Login_com_usuário_Bloqueado">
<kw name="Input Password" owner="SeleniumLibrary">
<msg time="2024-05-25T14:38:14.818172" level="INFO">Typing password into text field '//input[contains(@placeholder,'Password')]'.</msg>
<msg time="2024-05-25T14:38:14.894752" level="INFO">Temporally setting log level to: NONE</msg>
<arg>//input[contains(@placeholder,'Password')]</arg>
<arg>secret_sauce</arg>
<doc>Types the given password into the text field identified by ``locator``.</doc>
<status status="PASS" start="2024-05-25T14:38:14.818172" elapsed="0.278451"/>
</kw>
<status status="PASS" start="2024-05-25T14:38:14.817150" elapsed="0.279473"/>
</kw>
<kw name="Quando clicar no botão 'Login'" owner="Login_com_usuário_Bloqueado">
<kw name="Click Button" owner="SeleniumLibrary">
<msg time="2024-05-25T14:38:15.097622" level="INFO">Clicking button '//input[@data-test='login-button']'.</msg>
<arg>//input[@data-test='login-button']</arg>
<doc>Clicks the button identified by ``locator``.</doc>
<status status="PASS" start="2024-05-25T14:38:15.097622" elapsed="0.132029"/>
</kw>
<status status="PASS" start="2024-05-25T14:38:15.096623" elapsed="0.133028"/>
</kw>
<kw name="Então uma mensagem de erro &quot;Epic sadface: Sorry, this user has been locked out&quot; será exibida" owner="Login_com_usuário_Bloqueado">
<kw name="Wait Until Element Is Visible" owner="SeleniumLibrary">
<arg>//h3[@data-test='error'][contains(.,'Epic sadface: Sorry, this user has been locked out.')]</arg>
<doc>Waits until the element ``locator`` is visible.</doc>
<status status="PASS" start="2024-05-25T14:38:15.232023" elapsed="0.042649"/>
</kw>
<status status="PASS" start="2024-05-25T14:38:15.231010" elapsed="0.044676"/>
</kw>
<kw name="E o usuário não será logado no sistema" owner="Login_com_usuário_Bloqueado">
<kw name="Element Should Not Be Visible" owner="SeleniumLibrary">
<msg time="2024-05-25T14:38:15.296213" level="INFO">Element '//span[@class='title'][contains(.,'Products')]' did not exist.</msg>
<arg>//span[@class='title'][contains(.,'Products')]</arg>
<doc>Verifies that the element identified by ``locator`` is NOT visible.</doc>
<status status="PASS" start="2024-05-25T14:38:15.276689" elapsed="0.019524"/>
</kw>
<status status="PASS" start="2024-05-25T14:38:15.275686" elapsed="0.021529"/>
</kw>
<status status="PASS" start="2024-05-25T14:38:06.894257" elapsed="8.402958"/>
</kw>
<status status="PASS" start="2024-05-25T14:38:06.893252" elapsed="8.404962"/>
</test>
<status status="PASS" start="2024-05-25T14:37:33.237982" elapsed="42.062233"/>
</suite>
<statistics>
<total>
<stat pass="5" fail="0" skip="0">All Tests</stat>
</total>
<tag>
</tag>
<suite>
<stat pass="5" fail="0" skip="0" id="s1" name="Index">Index</stat>
</suite>
</statistics>
<errors>
</errors>
</robot>
